<?xml version="1.0" encoding="UTF-8"?>
<!-- Generated by org.testng.reporters.JUnitReportReporter -->
<testsuite skipped="0" hostname="bhargav" name="cts.java.software.TestSelenium" tests="1" failures="0" timestamp="2020-03-25T12:50:16 IST" time="0.015" errors="0">
  <testcase name="testconfig" time="0.015" classname="cts.java.software.TestSelenium"/>
  <system-out/>
</testsuite> <!-- cts.java.software.TestSelenium -->
