<?xml version="1.0" encoding="UTF-8"?>
<!-- Generated by org.testng.reporters.JUnitReportReporter -->
<testsuite skipped="0" hostname="bhargav" name="cts.java.software.Parallel1" tests="3" failures="0" timestamp="2020-03-24T20:53:06 IST" time="0.043" errors="0">
  <testcase name="testcase1" time="0.019" classname="cts.java.software.Parallel1"/>
  <system-out/>
  <testcase name="testcase2" time="0.016" classname="cts.java.software.Parallel1"/>
  <system-out/>
  <testcase name="testcase3" time="0.008" classname="cts.java.software.Parallel1"/>
  <system-out/>
</testsuite> <!-- cts.java.software.Parallel1 -->
