<?xml version="1.0" encoding="UTF-8"?>
<!-- Generated by org.testng.reporters.JUnitReportReporter -->
<testsuite skipped="0" hostname="bhargav" name="cts.java.software.Parallel2" tests="3" failures="0" timestamp="2020-03-24T20:53:06 IST" time="0.044" errors="0">
  <testcase name="testcase6" time="0.005" classname="cts.java.software.Parallel2"/>
  <system-out/>
  <testcase name="testcase5" time="0.019" classname="cts.java.software.Parallel2"/>
  <system-out/>
  <testcase name="testcase4" time="0.020" classname="cts.java.software.Parallel2"/>
  <system-out/>
</testsuite> <!-- cts.java.software.Parallel2 -->
