<?xml version="1.0" encoding="UTF-8"?>
<!-- Generated by org.testng.reporters.JUnitReportReporter -->
<testsuite skipped="0" hostname="bhargav" name="cts.java.software.Display" tests="5" failures="0" timestamp="2020-03-24T21:15:13 IST" time="0.019" errors="0">
  <testcase name="customer3" time="0.001" classname="cts.java.software.Display"/>
  <system-out/>
  <testcase name="admin1" time="0.016" classname="cts.java.software.Display"/>
  <system-out/>
  <testcase name="customer2" time="0.001" classname="cts.java.software.Display"/>
  <system-out/>
  <testcase name="admin2" time="0.000" classname="cts.java.software.Display"/>
  <system-out/>
  <testcase name="customer1" time="0.001" classname="cts.java.software.Display"/>
  <system-out/>
</testsuite> <!-- cts.java.software.Display -->
