<?xml version="1.0" encoding="UTF-8"?>
<!-- Generated by org.testng.reporters.JUnitReportReporter -->
<testsuite skipped="0" hostname="bhargav" name="cts.testng.practise.ExtentReportDemo" tests="1" failures="0" timestamp="2020-03-28T11:08:33 IST" time="0.570" errors="0">
  <testcase name="loginTest" time="0.570" classname="cts.testng.practise.ExtentReportDemo"/>
  <system-out/>
</testsuite> <!-- cts.testng.practise.ExtentReportDemo -->
